<?xml version="1.0" encoding="UTF-8"?>
<testsuite name="com.thoughtworks.com.QuantityTest" tests="1" skipped="0" failures="0" errors="0" timestamp="2019-09-28T04:51:46" hostname="Apekshas-MacBook-Pro.local" time="0.007">
  <properties/>
  <testcase name="givenZeroFeetAndAnotherZeroFeet_WhenCompare_ThenTheyShouldBeEqual()" classname="com.thoughtworks.com.QuantityTest" time="0.007"/>
  <system-out><![CDATA[]]></system-out>
  <system-err><![CDATA[]]></system-err>
</testsuite>
