<?xml version="1.0" encoding="UTF-8"?>
<testsuite name="com.thoughtworks.com.QuantityTest" tests="1" skipped="0" failures="0" errors="0" timestamp="2019-09-27T08:40:04" hostname="Apekshas-MacBook-Pro.local" time="0.008">
  <properties/>
  <testcase name="givenZeroFeet_WhenCompare_ThenTheyShouldBeEqual()" classname="com.thoughtworks.com.QuantityTest" time="0.008"/>
  <system-out><![CDATA[]]></system-out>
  <system-err><![CDATA[]]></system-err>
</testsuite>
