<?xml version="1.0" encoding="UTF-8"?>
<testsuite name="com.thoughtworks.com.LengthTest" tests="2" skipped="0" failures="0" errors="0" timestamp="2019-09-28T06:02:13" hostname="Apekshas-MacBook-Pro.local" time="0.008">
  <properties/>
  <testcase name="givenZeroFeetAndAnotherZeroFeet_WhenCompare_ThenTheyShouldBeEqual()" classname="com.thoughtworks.com.LengthTest" time="0.007"/>
  <testcase name="givenZeroInchAndZeroInch_WhenCompare_TheyTheyShouldBeEqual()" classname="com.thoughtworks.com.LengthTest" time="0.0"/>
  <system-out><![CDATA[]]></system-out>
  <system-err><![CDATA[]]></system-err>
</testsuite>
